INFO 2025-04-12 17:32:17,854 autoreload 10704 17548 Watching for file changes with StatReloader
INFO 2025-04-12 17:32:44,496 basehttp 10704 9560 "GET /he/ww2map/ HTTP/1.1" 200 3434
INFO 2025-04-12 17:32:44,533 basehttp 10704 9560 "GET /static/mapapp/css/styles.css HTTP/1.1" 304 0
INFO 2025-04-12 17:32:44,533 basehttp 10704 7520 "GET /static/mapapp/js/index.js HTTP/1.1" 304 0
INFO 2025-04-12 17:32:44,539 basehttp 10704 7520 "GET /static/mapapp/images/down-arrow.svg HTTP/1.1" 304 0
INFO 2025-04-12 17:32:44,541 basehttp 10704 9560 "GET /static/mapapp/images/logo.svg HTTP/1.1" 304 0
INFO 2025-04-12 17:32:44,579 basehttp 10704 9560 "GET /static/mapapp/js/mapSetup.js HTTP/1.1" 304 0
INFO 2025-04-12 17:32:44,579 basehttp 10704 7520 "GET /static/mapapp/js/countryLayer.js HTTP/1.1" 304 0
INFO 2025-04-12 17:32:44,579 basehttp 10704 6040 "GET /static/mapapp/js/modalHandler.js HTTP/1.1" 304 0
INFO 2025-04-12 17:32:44,594 basehttp 10704 9560 "GET /static/mapapp/js/soldierHandler.js HTTP/1.1" 304 0
INFO 2025-04-12 17:32:44,594 basehttp 10704 7520 "GET /static/mapapp/js/eventDisplay.js HTTP/1.1" 304 0
INFO 2025-04-12 17:32:44,594 basehttp 10704 6040 "GET /static/mapapp/js/countryClickHandler.js HTTP/1.1" 304 0
INFO 2025-04-12 17:32:44,595 basehttp 10704 6040 "GET /static/mapapp/js/countryCodeMapping.js HTTP/1.1" 304 0
INFO 2025-04-12 17:32:45,445 basehttp 10704 6040 "GET /events/ HTTP/1.1" 302 0
INFO 2025-04-12 17:32:45,445 basehttp 10704 9560 "GET /he/events/ HTTP/1.1" 200 120
INFO 2025-04-12 17:32:47,596 basehttp 10704 9560 "GET /events/ HTTP/1.1" 302 0
INFO 2025-04-12 17:32:47,596 basehttp 10704 7520 "GET /soldiers/ HTTP/1.1" 302 0
INFO 2025-04-12 17:32:47,599 basehttp 10704 5264 "GET /he/events/ HTTP/1.1" 200 120
INFO 2025-04-12 17:32:47,615 basehttp 10704 21260 "GET /he/soldiers/ HTTP/1.1" 200 5731
INFO 2025-04-12 17:32:48,828 basehttp 10704 5264 "GET /soldiers/ HTTP/1.1" 302 0
INFO 2025-04-12 17:32:48,844 basehttp 10704 21260 "GET /events/ HTTP/1.1" 302 0
INFO 2025-04-12 17:32:48,848 basehttp 10704 10376 "GET /he/events/ HTTP/1.1" 200 120
INFO 2025-04-12 17:32:48,864 basehttp 10704 8096 "GET /he/soldiers/ HTTP/1.1" 200 5731
INFO 2025-04-12 17:32:49,944 basehttp 10704 8096 "GET /events/ HTTP/1.1" 302 0
INFO 2025-04-12 17:32:49,945 basehttp 10704 10376 "GET /soldiers/ HTTP/1.1" 302 0
INFO 2025-04-12 17:32:49,949 basehttp 10704 11508 "GET /he/events/ HTTP/1.1" 200 120
INFO 2025-04-12 17:32:49,964 basehttp 10704 9700 "GET /he/soldiers/ HTTP/1.1" 200 5731
INFO 2025-04-12 17:32:58,800 basehttp 10704 11508 "GET /soldiers/ HTTP/1.1" 302 0
INFO 2025-04-12 17:32:58,800 basehttp 10704 9700 "GET /events/ HTTP/1.1" 302 0
INFO 2025-04-12 17:32:58,817 basehttp 10704 22936 "GET /he/events/ HTTP/1.1" 200 120
INFO 2025-04-12 17:32:58,831 basehttp 10704 14316 "GET /he/soldiers/ HTTP/1.1" 200 5731
INFO 2025-04-12 17:33:02,681 basehttp 10704 14316 "GET /he/ HTTP/1.1" 200 3490
INFO 2025-04-12 17:33:14,875 basehttp 10704 14316 "POST /he/ HTTP/1.1" 200 3490
INFO 2025-04-12 17:33:14,907 basehttp 10704 14316 "GET /static/mapapp/css/home.css HTTP/1.1" 304 0
INFO 2025-04-12 17:33:14,912 basehttp 10704 14316 "GET /static/mapapp/js/home.js HTTP/1.1" 304 0
INFO 2025-04-12 17:33:16,408 basehttp 10704 14316 "POST /he/ HTTP/1.1" 302 0
INFO 2025-04-12 17:33:16,415 basehttp 10704 14316 "GET /he/ww2map/ HTTP/1.1" 200 3434
INFO 2025-04-12 17:33:17,438 basehttp 10704 14316 "GET /events/ HTTP/1.1" 302 0
INFO 2025-04-12 17:33:17,468 basehttp 10704 22936 "GET /he/events/ HTTP/1.1" 200 120
INFO 2025-04-12 17:33:18,290 basehttp 10704 22936 "GET /events/ HTTP/1.1" 302 0
INFO 2025-04-12 17:33:18,290 basehttp 10704 1760 "GET /soldiers/ HTTP/1.1" 302 0
INFO 2025-04-12 17:33:18,310 basehttp 10704 21704 "GET /he/events/ HTTP/1.1" 200 120
INFO 2025-04-12 17:33:18,317 basehttp 10704 3108 "GET /he/soldiers/ HTTP/1.1" 200 5731
INFO 2025-04-12 17:33:26,769 basehttp 10704 3108 "GET /events/ HTTP/1.1" 302 0
INFO 2025-04-12 17:33:26,771 basehttp 10704 21704 "GET /soldiers/ HTTP/1.1" 302 0
INFO 2025-04-12 17:33:26,808 basehttp 10704 17016 "GET /he/events/ HTTP/1.1" 200 120
INFO 2025-04-12 17:33:26,817 basehttp 10704 4588 "GET /he/soldiers/ HTTP/1.1" 200 5731
INFO 2025-04-12 17:34:18,893 basehttp 10704 4588 "GET /he/ww2map/ HTTP/1.1" 200 3434
INFO 2025-04-12 17:34:20,100 basehttp 10704 4588 "GET /events/ HTTP/1.1" 302 0
INFO 2025-04-12 17:34:20,128 basehttp 10704 17016 "GET /he/events/ HTTP/1.1" 200 120
INFO 2025-04-12 17:34:21,652 basehttp 10704 17016 "GET /events/ HTTP/1.1" 302 0
INFO 2025-04-12 17:34:21,652 basehttp 10704 13124 "GET /soldiers/ HTTP/1.1" 302 0
INFO 2025-04-12 17:34:21,660 basehttp 10704 8064 "GET /he/events/ HTTP/1.1" 200 120
INFO 2025-04-12 17:34:21,667 basehttp 10704 4804 "GET /he/soldiers/ HTTP/1.1" 200 5731
INFO 2025-04-12 17:34:36,741 basehttp 10704 4804 "GET /he/ww2map/ HTTP/1.1" 200 3434
INFO 2025-04-12 17:34:36,779 basehttp 10704 4804 "GET /static/mapapp/css/styles.css HTTP/1.1" 304 0
INFO 2025-04-12 17:34:36,784 basehttp 10704 8064 "GET /static/mapapp/images/logo.svg HTTP/1.1" 304 0
INFO 2025-04-12 17:34:36,784 basehttp 10704 4804 "GET /static/mapapp/images/down-arrow.svg HTTP/1.1" 304 0
INFO 2025-04-12 17:34:36,786 basehttp 10704 15508 "GET /static/mapapp/js/index.js HTTP/1.1" 304 0
INFO 2025-04-12 17:34:36,914 basehttp 10704 8064 "GET /static/mapapp/js/countryLayer.js HTTP/1.1" 304 0
INFO 2025-04-12 17:34:36,914 basehttp 10704 15508 "GET /static/mapapp/js/mapSetup.js HTTP/1.1" 304 0
INFO 2025-04-12 17:34:36,914 basehttp 10704 4804 "GET /static/mapapp/js/modalHandler.js HTTP/1.1" 304 0
INFO 2025-04-12 17:34:36,931 basehttp 10704 15508 "GET /static/mapapp/js/eventDisplay.js HTTP/1.1" 304 0
INFO 2025-04-12 17:34:36,931 basehttp 10704 8064 "GET /static/mapapp/js/soldierHandler.js HTTP/1.1" 304 0
INFO 2025-04-12 17:34:36,962 basehttp 10704 4804 "GET /static/mapapp/js/countryClickHandler.js HTTP/1.1" 200 3177
INFO 2025-04-12 17:34:36,966 basehttp 10704 4804 "GET /static/mapapp/js/countryCodeMapping.js HTTP/1.1" 304 0
INFO 2025-04-12 17:34:38,382 basehttp 10704 4804 "GET /events/ HTTP/1.1" 302 0
INFO 2025-04-12 17:34:38,395 basehttp 10704 8064 "GET /he/events/ HTTP/1.1" 200 120
WARNING 2025-04-12 17:34:39,623 log 10704 8064 Not Found: /api/events/
WARNING 2025-04-12 17:34:39,626 log 10704 15508 Not Found: /api/soldiers/
WARNING 2025-04-12 17:34:39,627 basehttp 10704 8064 "GET /api/events/ HTTP/1.1" 404 2353
WARNING 2025-04-12 17:34:39,627 basehttp 10704 15508 "GET /api/soldiers/ HTTP/1.1" 404 2359
WARNING 2025-04-12 17:34:43,762 log 10704 15508 Not Found: /api/events/
WARNING 2025-04-12 17:34:43,765 log 10704 8064 Not Found: /api/soldiers/
WARNING 2025-04-12 17:34:43,769 basehttp 10704 15508 "GET /api/events/ HTTP/1.1" 404 2353
WARNING 2025-04-12 17:34:43,779 basehttp 10704 8064 "GET /api/soldiers/ HTTP/1.1" 404 2359
WARNING 2025-04-12 17:34:52,984 log 10704 8064 Not Found: /api/events/
WARNING 2025-04-12 17:34:52,993 log 10704 15508 Not Found: /api/soldiers/
WARNING 2025-04-12 17:34:52,998 basehttp 10704 8064 "GET /api/events/ HTTP/1.1" 404 2353
WARNING 2025-04-12 17:34:52,999 basehttp 10704 15508 "GET /api/soldiers/ HTTP/1.1" 404 2359
INFO 2025-04-12 17:35:14,915 basehttp 10704 15508 "GET /he/ww2map/ HTTP/1.1" 200 3434
INFO 2025-04-12 17:35:15,054 basehttp 10704 15508 "GET /static/mapapp/js/countryClickHandler.js HTTP/1.1" 200 3036
INFO 2025-04-12 17:35:15,988 basehttp 10704 15508 "GET /events/ HTTP/1.1" 302 0
INFO 2025-04-12 17:35:15,992 basehttp 10704 8064 "GET /he/events/ HTTP/1.1" 200 120
INFO 2025-04-12 17:35:17,420 basehttp 10704 19172 "GET /soldiers/ HTTP/1.1" 302 0
INFO 2025-04-12 17:35:17,420 basehttp 10704 8064 "GET /events/ HTTP/1.1" 302 0
INFO 2025-04-12 17:35:17,432 basehttp 10704 5104 "GET /he/events/ HTTP/1.1" 200 120
INFO 2025-04-12 17:35:17,434 basehttp 10704 20120 "GET /he/soldiers/ HTTP/1.1" 200 5731
INFO 2025-04-12 17:35:34,339 basehttp 10704 20120 "GET /he/ww2map/ HTTP/1.1" 200 3434
INFO 2025-04-12 17:35:34,399 basehttp 10704 20120 "GET /static/mapapp/js/countryClickHandler.js HTTP/1.1" 304 0
INFO 2025-04-12 17:35:35,311 basehttp 10704 20120 "GET /events/ HTTP/1.1" 302 0
INFO 2025-04-12 17:35:35,321 basehttp 10704 5104 "GET /he/events/ HTTP/1.1" 200 120
INFO 2025-04-12 17:35:38,680 basehttp 10704 5104 "GET /events/ HTTP/1.1" 302 0
INFO 2025-04-12 17:35:38,680 basehttp 10704 21172 "GET /soldiers/ HTTP/1.1" 302 0
INFO 2025-04-12 17:35:38,692 basehttp 10704 16696 "GET /he/events/ HTTP/1.1" 200 120
INFO 2025-04-12 17:35:38,692 basehttp 10704 12364 "GET /he/soldiers/ HTTP/1.1" 200 5731
INFO 2025-04-12 17:35:43,556 basehttp 10704 12364 "GET /he/ww2map/ HTTP/1.1" 200 3434
INFO 2025-04-12 17:35:43,620 basehttp 10704 12364 "GET /static/mapapp/js/countryClickHandler.js HTTP/1.1" 304 0
INFO 2025-04-12 17:35:44,494 basehttp 10704 12364 "GET /events/ HTTP/1.1" 302 0
INFO 2025-04-12 17:35:44,504 basehttp 10704 16696 "GET /he/events/ HTTP/1.1" 200 120
INFO 2025-04-12 17:35:52,027 basehttp 10704 16696 "GET /events/ HTTP/1.1" 302 0
INFO 2025-04-12 17:35:52,027 basehttp 10704 13968 "GET /soldiers/ HTTP/1.1" 302 0
INFO 2025-04-12 17:35:52,036 basehttp 10704 12484 "GET /he/events/ HTTP/1.1" 200 120
INFO 2025-04-12 17:35:52,042 basehttp 10704 6240 "GET /he/soldiers/ HTTP/1.1" 200 5731
INFO 2025-04-12 17:36:00,645 basehttp 10704 6240 "GET /events/ HTTP/1.1" 302 0
INFO 2025-04-12 17:36:00,645 basehttp 10704 12484 "GET /soldiers/ HTTP/1.1" 302 0
INFO 2025-04-12 17:36:00,668 basehttp 10704 4348 "GET /he/events/ HTTP/1.1" 200 120
INFO 2025-04-12 17:36:00,671 basehttp 10704 19536 "GET /he/soldiers/ HTTP/1.1" 200 5731
INFO 2025-04-12 17:36:44,549 basehttp 10704 19536 "GET /static/mapapp/css/styles.css HTTP/1.1" 304 0
INFO 2025-04-12 17:36:50,922 basehttp 10704 4348 "GET /soldiers/ HTTP/1.1" 302 0
INFO 2025-04-12 17:36:50,922 basehttp 10704 19536 "GET /events/ HTTP/1.1" 302 0
INFO 2025-04-12 17:36:50,933 basehttp 10704 5740 "GET /he/events/ HTTP/1.1" 200 120
INFO 2025-04-12 17:36:50,935 basehttp 10704 17312 "GET /he/soldiers/ HTTP/1.1" 200 5731
INFO 2025-04-12 17:38:23,275 basehttp 10704 17312 "GET /he/ww2map/ HTTP/1.1" 200 3434
INFO 2025-04-12 17:38:23,328 basehttp 10704 17312 "GET /static/mapapp/images/down-arrow.svg HTTP/1.1" 304 0
INFO 2025-04-12 17:38:23,328 basehttp 10704 5740 "GET /static/mapapp/images/logo.svg HTTP/1.1" 304 0
INFO 2025-04-12 17:38:23,328 basehttp 10704 940 "GET /static/mapapp/js/index.js HTTP/1.1" 304 0
INFO 2025-04-12 17:38:23,450 basehttp 10704 940 "GET /static/mapapp/js/mapSetup.js HTTP/1.1" 304 0
INFO 2025-04-12 17:38:23,450 basehttp 10704 5740 "GET /static/mapapp/js/countryLayer.js HTTP/1.1" 304 0
INFO 2025-04-12 17:38:23,451 basehttp 10704 17312 "GET /static/mapapp/js/modalHandler.js HTTP/1.1" 200 6615
INFO 2025-04-12 17:38:23,458 basehttp 10704 17312 "GET /static/mapapp/js/countryClickHandler.js HTTP/1.1" 200 3366
INFO 2025-04-12 17:38:23,459 basehttp 10704 940 "GET /static/mapapp/js/eventDisplay.js HTTP/1.1" 304 0
INFO 2025-04-12 17:38:23,461 basehttp 10704 5740 "GET /static/mapapp/js/soldierHandler.js HTTP/1.1" 304 0
INFO 2025-04-12 17:38:23,469 basehttp 10704 5740 "GET /static/mapapp/js/countryCodeMapping.js HTTP/1.1" 304 0
INFO 2025-04-12 17:38:24,337 basehttp 10704 5740 "GET /events/ HTTP/1.1" 302 0
INFO 2025-04-12 17:38:24,342 basehttp 10704 940 "GET /he/events/ HTTP/1.1" 200 120
INFO 2025-04-12 17:38:27,476 basehttp 10704 940 "GET /events/ HTTP/1.1" 302 0
INFO 2025-04-12 17:38:27,476 basehttp 10704 17312 "GET /soldiers/ HTTP/1.1" 302 0
INFO 2025-04-12 17:38:27,488 basehttp 10704 12020 "GET /he/events/ HTTP/1.1" 200 120
INFO 2025-04-12 17:38:27,491 basehttp 10704 14736 "GET /he/soldiers/ HTTP/1.1" 200 5731
INFO 2025-04-12 17:38:27,499 basehttp 10704 14736 "GET /static/mapapp/images/paper-bg.jpg HTTP/1.1" 304 0
INFO 2025-04-12 17:38:32,495 basehttp 10704 12020 "GET /soldiers/ HTTP/1.1" 302 0
INFO 2025-04-12 17:38:32,495 basehttp 10704 14736 "GET /events/ HTTP/1.1" 302 0
INFO 2025-04-12 17:38:32,526 basehttp 10704 16964 "GET /he/events/ HTTP/1.1" 200 120
INFO 2025-04-12 17:38:32,533 basehttp 10704 16864 "GET /he/soldiers/ HTTP/1.1" 200 5731
INFO 2025-04-12 17:38:40,086 basehttp 10704 16864 "GET /events/ HTTP/1.1" 302 0
INFO 2025-04-12 17:38:40,086 basehttp 10704 16964 "GET /soldiers/ HTTP/1.1" 302 0
INFO 2025-04-12 17:38:40,101 basehttp 10704 2408 "GET /he/events/ HTTP/1.1" 200 120
INFO 2025-04-12 17:38:40,101 basehttp 10704 11136 "GET /he/soldiers/ HTTP/1.1" 200 5731
INFO 2025-04-12 17:38:42,792 basehttp 10704 11136 "GET /events/ HTTP/1.1" 302 0
INFO 2025-04-12 17:38:42,792 basehttp 10704 2408 "GET /soldiers/ HTTP/1.1" 302 0
INFO 2025-04-12 17:38:42,803 basehttp 10704 9948 "GET /he/events/ HTTP/1.1" 200 120
INFO 2025-04-12 17:38:42,807 basehttp 10704 8280 "GET /he/soldiers/ HTTP/1.1" 200 5731
INFO 2025-04-12 17:39:15,525 basehttp 10704 8280 "GET /events/ HTTP/1.1" 302 0
INFO 2025-04-12 17:39:15,526 basehttp 10704 9948 "GET /soldiers/ HTTP/1.1" 302 0
INFO 2025-04-12 17:39:15,567 basehttp 10704 2380 "GET /he/events/ HTTP/1.1" 200 120
INFO 2025-04-12 17:39:15,571 basehttp 10704 16520 "GET /he/soldiers/ HTTP/1.1" 200 5731
INFO 2025-04-12 17:39:19,804 basehttp 10704 2380 "GET /soldiers/ HTTP/1.1" 302 0
INFO 2025-04-12 17:39:19,804 basehttp 10704 16520 "GET /events/ HTTP/1.1" 302 0
INFO 2025-04-12 17:39:19,807 basehttp 10704 14488 "GET /he/events/ HTTP/1.1" 200 120
INFO 2025-04-12 17:39:19,821 basehttp 10704 2440 "GET /he/soldiers/ HTTP/1.1" 200 5731
INFO 2025-04-12 17:39:22,802 basehttp 10704 2440 "GET /events/ HTTP/1.1" 302 0
INFO 2025-04-12 17:39:22,803 basehttp 10704 14488 "GET /soldiers/ HTTP/1.1" 302 0
INFO 2025-04-12 17:39:22,806 basehttp 10704 18224 "GET /he/events/ HTTP/1.1" 200 120
INFO 2025-04-12 17:39:22,820 basehttp 10704 22716 "GET /he/soldiers/ HTTP/1.1" 200 5731
INFO 2025-04-12 17:39:27,323 basehttp 10704 22716 "GET /events/ HTTP/1.1" 302 0
INFO 2025-04-12 17:39:27,333 basehttp 10704 18224 "GET /soldiers/ HTTP/1.1" 302 0
INFO 2025-04-12 17:39:27,340 basehttp 10704 15272 "GET /he/events/ HTTP/1.1" 200 120
INFO 2025-04-12 17:39:27,340 basehttp 10704 1328 "GET /he/soldiers/ HTTP/1.1" 200 5731
INFO 2025-04-12 17:39:30,756 basehttp 10704 15272 "GET /soldiers/ HTTP/1.1" 302 0
INFO 2025-04-12 17:39:30,756 basehttp 10704 1328 "GET /events/ HTTP/1.1" 302 0
INFO 2025-04-12 17:39:30,764 basehttp 10704 11888 "GET /he/events/ HTTP/1.1" 200 120
INFO 2025-04-12 17:39:30,771 basehttp 10704 19952 "GET /he/soldiers/ HTTP/1.1" 200 5731
INFO 2025-04-12 17:39:37,325 basehttp 10704 19952 "GET /events/ HTTP/1.1" 302 0
INFO 2025-04-12 17:39:37,325 basehttp 10704 11888 "GET /soldiers/ HTTP/1.1" 302 0
INFO 2025-04-12 17:39:37,328 basehttp 10704 18892 "GET /he/events/ HTTP/1.1" 200 120
INFO 2025-04-12 17:39:37,337 basehttp 10704 8092 "GET /he/soldiers/ HTTP/1.1" 200 5731
INFO 2025-04-12 17:39:46,151 basehttp 10704 18892 "GET /soldiers/ HTTP/1.1" 302 0
INFO 2025-04-12 17:39:46,151 basehttp 10704 8092 "GET /events/ HTTP/1.1" 302 0
INFO 2025-04-12 17:39:46,166 basehttp 10704 19712 "GET /he/events/ HTTP/1.1" 200 120
INFO 2025-04-12 17:39:46,170 basehttp 10704 19032 "GET /he/soldiers/ HTTP/1.1" 200 5731
INFO 2025-04-12 17:39:49,974 basehttp 10704 19032 "GET /events/ HTTP/1.1" 302 0
INFO 2025-04-12 17:39:49,974 basehttp 10704 19712 "GET /soldiers/ HTTP/1.1" 302 0
INFO 2025-04-12 17:39:49,989 basehttp 10704 12700 "GET /he/events/ HTTP/1.1" 200 120
INFO 2025-04-12 17:39:49,990 basehttp 10704 11564 "GET /he/soldiers/ HTTP/1.1" 200 5731
INFO 2025-04-12 17:39:57,300 basehttp 10704 11564 "GET /he/soldiers/ HTTP/1.1" 200 5731
INFO 2025-04-12 17:40:03,504 basehttp 10704 12700 "GET /soldiers/ HTTP/1.1" 302 0
INFO 2025-04-12 17:40:03,504 basehttp 10704 11564 "GET /events/ HTTP/1.1" 302 0
INFO 2025-04-12 17:40:03,528 basehttp 10704 9536 "GET /he/events/ HTTP/1.1" 200 120
INFO 2025-04-12 17:40:03,528 basehttp 10704 3292 "GET /he/soldiers/ HTTP/1.1" 200 5731
INFO 2025-04-12 17:40:14,518 basehttp 10704 3292 "GET /he/ww2map/ HTTP/1.1" 200 3434
INFO 2025-04-12 17:40:14,550 basehttp 10704 3292 "GET /static/mapapp/css/styles.css HTTP/1.1" 304 0
INFO 2025-04-12 17:40:14,587 basehttp 10704 3292 "GET /static/mapapp/js/modalHandler.js HTTP/1.1" 200 7261
INFO 2025-04-12 17:40:14,588 basehttp 10704 9536 "GET /static/mapapp/js/countryClickHandler.js HTTP/1.1" 200 3099
INFO 2025-04-12 17:40:15,794 basehttp 10704 9536 "GET /events/ HTTP/1.1" 302 0
INFO 2025-04-12 17:40:15,804 basehttp 10704 3292 "GET /he/events/ HTTP/1.1" 200 120
INFO 2025-04-12 17:40:17,380 basehttp 10704 3292 "GET /events/ HTTP/1.1" 302 0
INFO 2025-04-12 17:40:17,380 basehttp 10704 7936 "GET /soldiers/ HTTP/1.1" 302 0
INFO 2025-04-12 17:40:17,391 basehttp 10704 14764 "GET /he/events/ HTTP/1.1" 200 120
INFO 2025-04-12 17:40:17,395 basehttp 10704 12976 "GET /he/soldiers/ HTTP/1.1" 200 5731
INFO 2025-04-12 17:40:21,078 basehttp 10704 12976 "GET /events/ HTTP/1.1" 302 0
INFO 2025-04-12 17:40:21,078 basehttp 10704 14764 "GET /soldiers/ HTTP/1.1" 302 0
INFO 2025-04-12 17:40:21,091 basehttp 10704 8320 "GET /he/events/ HTTP/1.1" 200 120
INFO 2025-04-12 17:40:21,091 basehttp 10704 9096 "GET /he/soldiers/ HTTP/1.1" 200 5731
INFO 2025-04-12 17:40:24,525 basehttp 10704 8320 "GET /soldiers/ HTTP/1.1" 302 0
INFO 2025-04-12 17:40:24,525 basehttp 10704 9096 "GET /events/ HTTP/1.1" 302 0
INFO 2025-04-12 17:40:24,540 basehttp 10704 21012 "GET /he/events/ HTTP/1.1" 200 120
INFO 2025-04-12 17:40:24,541 basehttp 10704 13552 "GET /he/soldiers/ HTTP/1.1" 200 5731
INFO 2025-04-12 17:40:29,423 basehttp 10704 13552 "GET /he/ww2map/ HTTP/1.1" 200 3434
INFO 2025-04-12 17:40:29,477 basehttp 10704 21012 "GET /static/mapapp/images/down-arrow.svg HTTP/1.1" 200 662
INFO 2025-04-12 17:40:29,480 basehttp 10704 13552 "GET /static/mapapp/css/styles.css HTTP/1.1" 200 11536
INFO 2025-04-12 17:40:29,481 basehttp 10704 21004 "GET /static/mapapp/js/index.js HTTP/1.1" 200 1379
INFO 2025-04-12 17:40:29,483 basehttp 10704 15072 "GET /static/mapapp/images/logo.svg HTTP/1.1" 200 105010
INFO 2025-04-12 17:40:30,242 basehttp 10704 15072 "GET /static/mapapp/js/mapSetup.js HTTP/1.1" 200 1510
INFO 2025-04-12 17:40:30,242 basehttp 10704 21004 "GET /static/mapapp/js/countryLayer.js HTTP/1.1" 200 3047
INFO 2025-04-12 17:40:30,242 basehttp 10704 13552 "GET /static/mapapp/js/modalHandler.js HTTP/1.1" 200 7261
INFO 2025-04-12 17:40:30,242 basehttp 10704 15072 "GET /static/mapapp/js/soldierHandler.js HTTP/1.1" 200 338
INFO 2025-04-12 17:40:30,242 basehttp 10704 13552 "GET /static/mapapp/js/countryClickHandler.js HTTP/1.1" 200 3099
INFO 2025-04-12 17:40:30,242 basehttp 10704 21004 "GET /static/mapapp/js/eventDisplay.js HTTP/1.1" 200 1918
INFO 2025-04-12 17:40:30,258 basehttp 10704 21004 "GET /static/mapapp/js/countryCodeMapping.js HTTP/1.1" 200 6856
WARNING 2025-04-12 17:40:30,307 basehttp 10704 21004 "GET /static/mapapp/favicon.ico HTTP/1.1" 404 1868
INFO 2025-04-12 17:40:35,897 basehttp 10704 15072 "GET /events/ HTTP/1.1" 302 0
INFO 2025-04-12 17:40:35,910 basehttp 10704 13552 "GET /he/events/ HTTP/1.1" 200 120
INFO 2025-04-12 17:40:44,692 basehttp 10704 13552 "GET /soldiers/ HTTP/1.1" 302 0
INFO 2025-04-12 17:40:44,692 basehttp 10704 21012 "GET /events/ HTTP/1.1" 302 0
INFO 2025-04-12 17:40:44,694 basehttp 10704 6892 "GET /he/events/ HTTP/1.1" 200 120
INFO 2025-04-12 17:40:44,708 basehttp 10704 21184 "GET /he/soldiers/ HTTP/1.1" 200 5731
INFO 2025-04-12 17:40:44,708 basehttp 10704 21184 "GET /static/mapapp/images/paper-bg.jpg HTTP/1.1" 200 421787
INFO 2025-04-12 17:40:48,881 basehttp 10704 21184 "GET /events/ HTTP/1.1" 302 0
INFO 2025-04-12 17:40:48,881 basehttp 10704 6892 "GET /soldiers/ HTTP/1.1" 302 0
INFO 2025-04-12 17:40:48,891 basehttp 10704 13436 "GET /he/events/ HTTP/1.1" 200 120
INFO 2025-04-12 17:40:48,892 basehttp 10704 18152 "GET /he/soldiers/ HTTP/1.1" 200 5731
INFO 2025-04-12 17:40:50,650 basehttp 10704 13436 "GET /soldiers/ HTTP/1.1" 302 0
INFO 2025-04-12 17:40:50,650 basehttp 10704 18152 "GET /events/ HTTP/1.1" 302 0
INFO 2025-04-12 17:40:50,663 basehttp 10704 1956 "GET /he/events/ HTTP/1.1" 200 120
INFO 2025-04-12 17:40:50,667 basehttp 10704 6300 "GET /he/soldiers/ HTTP/1.1" 200 5731
INFO 2025-04-12 17:40:53,809 basehttp 10704 6300 "GET /events/ HTTP/1.1" 302 0
INFO 2025-04-12 17:40:53,809 basehttp 10704 1956 "GET /soldiers/ HTTP/1.1" 302 0
INFO 2025-04-12 17:40:53,825 basehttp 10704 15264 "GET /he/events/ HTTP/1.1" 200 120
INFO 2025-04-12 17:40:53,826 basehttp 10704 1712 "GET /he/soldiers/ HTTP/1.1" 200 5731
INFO 2025-04-12 17:41:25,262 autoreload 10704 17548 C:\Users\nir41\OneDrive\Desktop\Cursor AI\Final-Project\ww2map\mapapp\models.py changed, reloading.
